<?xml version="1.0" encoding="UTF-8"?>
<!-- Generated by org.testng.reporters.JUnitXMLReporter -->
<testsuite hostname="wk2407" ignored="24" name="Test" tests="9" failures="9" timestamp="02 Aug 2017 21:37:13 GMT" time="58.09" errors="0">
  <testcase name="clickFooterLink_ContactUs" time="8.632" classname="com.purebarre.www.datatests.NavigationTests">
    <failure type="java.lang.AssertionError" message="expected [true] but found [false]">
      <![CDATA[java.lang.AssertionError: expected [true] but found [false]
	at com.purebarre.www.datatests.NavigationTests.clickFooterLink_ContactUs(NavigationTests.java:263)
... Removed 29 stack frames]]>
    </failure>
  </testcase> <!-- clickFooterLink_ContactUs -->
  <testcase name="clickFooterLink_Facebook" time="4.682" classname="com.purebarre.www.datatests.NavigationTests">
    <failure type="java.lang.AssertionError" message="expected [true] but found [false]">
      <![CDATA[java.lang.AssertionError: expected [true] but found [false]
	at com.purebarre.www.datatests.NavigationTests.clickFooterLink_Facebook(NavigationTests.java:339)
... Removed 29 stack frames]]>
    </failure>
  </testcase> <!-- clickFooterLink_Facebook -->
  <testcase name="clickFooterLink_Instagram" time="4.755" classname="com.purebarre.www.datatests.NavigationTests">
    <failure type="java.lang.AssertionError" message="expected [true] but found [false]">
      <![CDATA[java.lang.AssertionError: expected [true] but found [false]
	at com.purebarre.www.datatests.NavigationTests.clickFooterLink_Instagram(NavigationTests.java:365)
... Removed 29 stack frames]]>
    </failure>
  </testcase> <!-- clickFooterLink_Instagram -->
  <testcase name="clickFooterLink_Twitter" time="4.854" classname="com.purebarre.www.datatests.NavigationTests">
    <failure type="java.lang.AssertionError" message="expected [true] but found [false]">
      <![CDATA[java.lang.AssertionError: expected [true] but found [false]
	at com.purebarre.www.datatests.NavigationTests.clickFooterLink_Twitter(NavigationTests.java:352)
... Removed 29 stack frames]]>
    </failure>
  </testcase> <!-- clickFooterLink_Twitter -->
  <testcase name="clickFooterLink_YouTube" time="4.552" classname="com.purebarre.www.datatests.NavigationTests">
    <failure type="java.lang.AssertionError" message="expected [true] but found [false]">
      <![CDATA[java.lang.AssertionError: expected [true] but found [false]
	at com.purebarre.www.datatests.NavigationTests.clickFooterLink_YouTube(NavigationTests.java:404)
... Removed 29 stack frames]]>
    </failure>
  </testcase> <!-- clickFooterLink_YouTube -->
  <testcase name="clickHeaderLink_Blog" time="4.53" classname="com.purebarre.www.datatests.NavigationTests">
    <failure type="java.lang.AssertionError" message="expected [true] but found [false]">
      <![CDATA[java.lang.AssertionError: expected [true] but found [false]
	at com.purebarre.www.datatests.NavigationTests.clickHeaderLink_Blog(NavigationTests.java:120)
... Removed 29 stack frames]]>
    </failure>
  </testcase> <!-- clickHeaderLink_Blog -->
  <testcase name="clickHeaderLink_OwnAStudio" time="12.263" classname="com.purebarre.www.datatests.NavigationTests">
    <failure type="org.openqa.selenium.WebDriverException" message="unknown error: Element is not clickable at point (-150, 297)
  (Session info: chrome=59.0.3071.115)
  (Driver info: chromedriver=2.30.477700 (0057494ad8732195794a7b32078424f92a5fce41),platform=Windows NT 6.1.7601 SP1 x86_64) (WARNING: The server did not provide any stacktrace information)
Command duration or timeout: 71 milliseconds
Build info: version: &amp;apos;unknown&amp;apos;, revision: &amp;apos;unknown&amp;apos;, time: &amp;apos;unknown&amp;apos;
System info: host: &amp;apos;WK2407&amp;apos;, ip: &amp;apos;10.66.29.36&amp;apos;, os.name: &amp;apos;Windows 7&amp;apos;, os.arch: &amp;apos;amd64&amp;apos;, os.version: &amp;apos;6.1&amp;apos;, java.version: &amp;apos;1.8.0_131&amp;apos;
Driver info: org.openqa.selenium.chrome.ChromeDriver
Capabilities [{applicationCacheEnabled=false, rotatable=false, mobileEmulationEnabled=false, networkConnectionEnabled=false, chrome={chromedriverVersion=2.30.477700 (0057494ad8732195794a7b32078424f92a5fce41), userDataDir=C:\Users\ALEXIS~1\AppData\Local\Temp\scoped_dir2320_10475}, takesHeapSnapshot=true, pageLoadStrategy=normal, databaseEnabled=false, handlesAlerts=true, hasTouchScreen=false, version=59.0.3071.115, platform=XP, browserConnectionEnabled=false, nativeEvents=true, acceptSslCerts=true, locationContextEnabled=true, webStorageEnabled=true, browserName=chrome, takesScreenshot=true, javascriptEnabled=true, cssSelectorsEnabled=true, unexpectedAlertBehaviour=}]
Session ID: a2393f18347c3d5e11ed05f54d49f90c">
      <![CDATA[org.openqa.selenium.WebDriverException: unknown error: Element is not clickable at point (-150, 297)
  (Session info: chrome=59.0.3071.115)
  (Driver info: chromedriver=2.30.477700 (0057494ad8732195794a7b32078424f92a5fce41),platform=Windows NT 6.1.7601 SP1 x86_64) (WARNING: The server did not provide any stacktrace information)
Command duration or timeout: 71 milliseconds
Build info: version: 'unknown', revision: 'unknown', time: 'unknown'
System info: host: 'WK2407', ip: '10.66.29.36', os.name: 'Windows 7', os.arch: 'amd64', os.version: '6.1', java.version: '1.8.0_131'
Driver info: org.openqa.selenium.chrome.ChromeDriver
Capabilities [{applicationCacheEnabled=false, rotatable=false, mobileEmulationEnabled=false, networkConnectionEnabled=false, chrome={chromedriverVersion=2.30.477700 (0057494ad8732195794a7b32078424f92a5fce41), userDataDir=C:\Users\ALEXIS~1\AppData\Local\Temp\scoped_dir2320_10475}, takesHeapSnapshot=true, pageLoadStrategy=normal, databaseEnabled=false, handlesAlerts=true, hasTouchScreen=false, version=59.0.3071.115, platform=XP, browserConnectionEnabled=false, nativeEvents=true, acceptSslCerts=true, locationContextEnabled=true, webStorageEnabled=true, browserName=chrome, takesScreenshot=true, javascriptEnabled=true, cssSelectorsEnabled=true, unexpectedAlertBehaviour=}]
Session ID: a2393f18347c3d5e11ed05f54d49f90c
	at org.openqa.selenium.remote.ErrorHandler.createThrowable(ErrorHandler.java:215)
	at org.openqa.selenium.remote.ErrorHandler.throwIfResponseFailed(ErrorHandler.java:167)
	at org.openqa.selenium.remote.RemoteWebDriver.execute(RemoteWebDriver.java:671)
	at org.openqa.selenium.remote.RemoteWebElement.execute(RemoteWebElement.java:272)
	at org.openqa.selenium.remote.RemoteWebElement.click(RemoteWebElement.java:82)
	at com.purebarre.www.dataaction.HeaderNavigationActions.clickOwnAStudio(HeaderNavigationActions.java:106)
	at com.purebarre.www.datatests.NavigationTests.clickHeaderLink_OwnAStudio(NavigationTests.java:128)
... Removed 29 stack frames]]>
    </failure>
  </testcase> <!-- clickHeaderLink_OwnAStudio -->
  <testcase name="clickHeaderLink_Shop" time="4.607" classname="com.purebarre.www.datatests.NavigationTests">
    <failure type="java.lang.AssertionError" message="expected [true] but found [false]">
      <![CDATA[java.lang.AssertionError: expected [true] but found [false]
	at com.purebarre.www.datatests.NavigationTests.clickHeaderLink_Shop(NavigationTests.java:107)
... Removed 29 stack frames]]>
    </failure>
  </testcase> <!-- clickHeaderLink_Shop -->
  <testcase name="clickHeaderLink_Story" time="1.583" classname="com.purebarre.www.datatests.NavigationTests">
    <failure type="org.openqa.selenium.NoSuchElementException" message="no such element: Unable to locate element: {&amp;quot;method&amp;quot;:&amp;quot;xpath&amp;quot;,&amp;quot;selector&amp;quot;:&amp;quot;//ul[@class=&amp;apos;menu&amp;apos;]//a[text()=&amp;apos;Story&amp;apos;]&amp;quot;}
  (Session info: chrome=59.0.3071.115)
  (Driver info: chromedriver=2.30.477700 (0057494ad8732195794a7b32078424f92a5fce41),platform=Windows NT 6.1.7601 SP1 x86_64) (WARNING: The server did not provide any stacktrace information)
Command duration or timeout: 53 milliseconds
For documentation on this error, please visit: http://seleniumhq.org/exceptions/no_such_element.html
Build info: version: &amp;apos;unknown&amp;apos;, revision: &amp;apos;unknown&amp;apos;, time: &amp;apos;unknown&amp;apos;
System info: host: &amp;apos;WK2407&amp;apos;, ip: &amp;apos;10.66.29.36&amp;apos;, os.name: &amp;apos;Windows 7&amp;apos;, os.arch: &amp;apos;amd64&amp;apos;, os.version: &amp;apos;6.1&amp;apos;, java.version: &amp;apos;1.8.0_131&amp;apos;
Driver info: org.openqa.selenium.chrome.ChromeDriver
Capabilities [{applicationCacheEnabled=false, rotatable=false, mobileEmulationEnabled=false, networkConnectionEnabled=false, chrome={chromedriverVersion=2.30.477700 (0057494ad8732195794a7b32078424f92a5fce41), userDataDir=C:\Users\ALEXIS~1\AppData\Local\Temp\scoped_dir6900_27000}, takesHeapSnapshot=true, pageLoadStrategy=normal, databaseEnabled=false, handlesAlerts=true, hasTouchScreen=false, version=59.0.3071.115, platform=XP, browserConnectionEnabled=false, nativeEvents=true, acceptSslCerts=true, locationContextEnabled=true, webStorageEnabled=true, browserName=chrome, takesScreenshot=true, javascriptEnabled=true, cssSelectorsEnabled=true, unexpectedAlertBehaviour=}]
Session ID: 6ae24545724013b9b6df3bb6d0a91040
*** Element info: {Using=xpath, value=//ul[@class=&amp;apos;menu&amp;apos;]//a[text()=&amp;apos;Story&amp;apos;]}">
      <![CDATA[org.openqa.selenium.NoSuchElementException: no such element: Unable to locate element: {"method":"xpath","selector":"//ul[@class='menu']//a[text()='Story']"}
  (Session info: chrome=59.0.3071.115)
  (Driver info: chromedriver=2.30.477700 (0057494ad8732195794a7b32078424f92a5fce41),platform=Windows NT 6.1.7601 SP1 x86_64) (WARNING: The server did not provide any stacktrace information)
Command duration or timeout: 53 milliseconds
For documentation on this error, please visit: http://seleniumhq.org/exceptions/no_such_element.html
Build info: version: 'unknown', revision: 'unknown', time: 'unknown'
System info: host: 'WK2407', ip: '10.66.29.36', os.name: 'Windows 7', os.arch: 'amd64', os.version: '6.1', java.version: '1.8.0_131'
Driver info: org.openqa.selenium.chrome.ChromeDriver
Capabilities [{applicationCacheEnabled=false, rotatable=false, mobileEmulationEnabled=false, networkConnectionEnabled=false, chrome={chromedriverVersion=2.30.477700 (0057494ad8732195794a7b32078424f92a5fce41), userDataDir=C:\Users\ALEXIS~1\AppData\Local\Temp\scoped_dir6900_27000}, takesHeapSnapshot=true, pageLoadStrategy=normal, databaseEnabled=false, handlesAlerts=true, hasTouchScreen=false, version=59.0.3071.115, platform=XP, browserConnectionEnabled=false, nativeEvents=true, acceptSslCerts=true, locationContextEnabled=true, webStorageEnabled=true, browserName=chrome, takesScreenshot=true, javascriptEnabled=true, cssSelectorsEnabled=true, unexpectedAlertBehaviour=}]
Session ID: 6ae24545724013b9b6df3bb6d0a91040
*** Element info: {Using=xpath, value=//ul[@class='menu']//a[text()='Story']}
	at org.openqa.selenium.remote.ErrorHandler.createThrowable(ErrorHandler.java:215)
	at org.openqa.selenium.remote.ErrorHandler.throwIfResponseFailed(ErrorHandler.java:167)
	at org.openqa.selenium.remote.RemoteWebDriver.execute(RemoteWebDriver.java:671)
	at org.openqa.selenium.remote.RemoteWebDriver.findElement(RemoteWebDriver.java:410)
	at org.openqa.selenium.remote.RemoteWebDriver.findElementByXPath(RemoteWebDriver.java:509)
	at org.openqa.selenium.By$ByXPath.findElement(By.java:361)
	at org.openqa.selenium.remote.RemoteWebDriver.findElement(RemoteWebDriver.java:402)
	at com.purebarre.www.objects.HeaderObjects.link_Story(HeaderObjects.java:77)
	at com.purebarre.www.dataaction.HeaderNavigationActions.clickStory(HeaderNavigationActions.java:79)
	at com.purebarre.www.datatests.NavigationTests.clickHeaderLink_Story(NavigationTests.java:89)
... Removed 29 stack frames]]>
    </failure>
  </testcase> <!-- clickHeaderLink_Story -->
  <testcase name="clickFooterLink_Linkedin" time="0.0" classname="com.purebarre.www.datatests.NavigationTests">
    <ignored/>
  </testcase> <!-- clickFooterLink_Linkedin -->
  <testcase name="clickHeaderLink_LocationsHeaderLink" time="0.0" classname="com.purebarre.www.datatests.NavigationTests">
    <ignored/>
  </testcase> <!-- clickHeaderLink_LocationsHeaderLink -->
  <testcase name="clickFooterLink_SubscribeBlog_Submit" time="0.0" classname="com.purebarre.www.datatests.NavigationTests">
    <ignored/>
  </testcase> <!-- clickFooterLink_SubscribeBlog_Submit -->
  <testcase name="clickHeaderLink_AboutOurTechnique" time="0.0" classname="com.purebarre.www.datatests.NavigationTests">
    <ignored/>
  </testcase> <!-- clickHeaderLink_AboutOurTechnique -->
  <testcase name="clickFooterLink_SubscribeNewsletter_Submit" time="0.0" classname="com.purebarre.www.datatests.NavigationTests">
    <ignored/>
  </testcase> <!-- clickFooterLink_SubscribeNewsletter_Submit -->
  <testcase name="clickFooterLink_ShippingInformation" time="0.0" classname="com.purebarre.www.datatests.NavigationTests">
    <ignored/>
  </testcase> <!-- clickFooterLink_ShippingInformation -->
  <testcase name="clickFooterLink_GiftCards" time="0.0" classname="com.purebarre.www.datatests.NavigationTests">
    <ignored/>
  </testcase> <!-- clickFooterLink_GiftCards -->
  <testcase name="clickFooterLink_Careers" time="0.0" classname="com.purebarre.www.datatests.NavigationTests">
    <ignored/>
  </testcase> <!-- clickFooterLink_Careers -->
  <testcase name="clickFooterLink_Press" time="0.0" classname="com.purebarre.www.datatests.NavigationTests">
    <ignored/>
  </testcase> <!-- clickFooterLink_Press -->
  <testcase name="clickFooterLink_Pinterest" time="0.0" classname="com.purebarre.www.datatests.NavigationTests">
    <ignored/>
  </testcase> <!-- clickFooterLink_Pinterest -->
  <testcase name="clickFooterLink_OwnerAndTeachersPortal" time="0.0" classname="com.purebarre.www.datatests.NavigationTests">
    <ignored/>
  </testcase> <!-- clickFooterLink_OwnerAndTeachersPortal -->
  <testcase name="clickFooterLink_StreamingContentFAQ" time="0.0" classname="com.purebarre.www.datatests.NavigationTests">
    <ignored/>
  </testcase> <!-- clickFooterLink_StreamingContentFAQ -->
  <testcase name="clickHeaderLink_NewToPureBarre" time="0.0" classname="com.purebarre.www.datatests.NavigationTests">
    <ignored/>
  </testcase> <!-- clickHeaderLink_NewToPureBarre -->
  <testcase name="clickFooterLink_OrderInformation" time="0.0" classname="com.purebarre.www.datatests.NavigationTests">
    <ignored/>
  </testcase> <!-- clickFooterLink_OrderInformation -->
  <testcase name="clickHeaderLink_PureFoundations" time="0.0" classname="com.purebarre.www.datatests.NavigationTests">
    <ignored/>
  </testcase> <!-- clickHeaderLink_PureFoundations -->
  <testcase name="clickFooterLink_DownloadForApple" time="0.0" classname="com.purebarre.www.datatests.NavigationTests">
    <ignored/>
  </testcase> <!-- clickFooterLink_DownloadForApple -->
  <testcase name="clickFooterLink_StudioOwnersShop" time="0.0" classname="com.purebarre.www.datatests.NavigationTests">
    <ignored/>
  </testcase> <!-- clickFooterLink_StudioOwnersShop -->
  <testcase name="clickFooterLink_SubscribeBlog" time="0.0" classname="com.purebarre.www.datatests.NavigationTests">
    <ignored/>
  </testcase> <!-- clickFooterLink_SubscribeBlog -->
  <testcase name="clickFooterLink_PrivacyPolicy" time="0.0" classname="com.purebarre.www.datatests.NavigationTests">
    <ignored/>
  </testcase> <!-- clickFooterLink_PrivacyPolicy -->
  <testcase name="clickFooterLink_Team" time="0.0" classname="com.purebarre.www.datatests.NavigationTests">
    <ignored/>
  </testcase> <!-- clickFooterLink_Team -->
  <testcase name="clickHeaderLink_SpecialtyClasses" time="0.0" classname="com.purebarre.www.datatests.NavigationTests">
    <ignored/>
  </testcase> <!-- clickHeaderLink_SpecialtyClasses -->
  <testcase name="clickFooterLink_DownloadForGoogle" time="0.0" classname="com.purebarre.www.datatests.NavigationTests">
    <ignored/>
  </testcase> <!-- clickFooterLink_DownloadForGoogle -->
  <testcase name="clickFooterLink_SubscribeNewsletter" time="0.0" classname="com.purebarre.www.datatests.NavigationTests">
    <ignored/>
  </testcase> <!-- clickFooterLink_SubscribeNewsletter -->
  <testcase name="clickFooterLink_ReturnsAndExchanges" time="0.0" classname="com.purebarre.www.datatests.NavigationTests">
    <ignored/>
  </testcase> <!-- clickFooterLink_ReturnsAndExchanges -->
</testsuite> <!-- Test -->
