<?xml version="1.0" encoding="UTF-8"?>
<!-- Generated by org.testng.reporters.JUnitXMLReporter -->
<testsuite hostname="wk2407" name="Test" tests="2" failures="0" timestamp="14 Aug 2017 21:14:36 GMT" time="12.831" errors="0">
  <testcase name="clickFooterLink_SubscribeBlog" time="5.416" classname="com.purebarre.www.datatests.NavigationTests"/>
  <testcase name="clickFooterLink_SubscribeBlog_Submit" time="7.386" classname="com.purebarre.www.datatests.NavigationTests"/>
</testsuite> <!-- Test -->
