<?xml version="1.0" encoding="UTF-8"?>
<testng-results skipped="0" failed="0" total="2" passed="2">
  <reporter-output>
  </reporter-output>
  <suite name="Suite" duration-ms="12831" started-at="2017-08-14T21:14:23Z" finished-at="2017-08-14T21:14:36Z">
    <groups>
      <group name="blog">
        <method signature="NavigationTests.clickFooterLink_SubscribeBlog()[pri:0, instance:com.purebarre.www.datatests.NavigationTests@1f28c152]" name="clickFooterLink_SubscribeBlog" class="com.purebarre.www.datatests.NavigationTests"/>
        <method signature="NavigationTests.clickFooterLink_SubscribeBlog_Submit()[pri:0, instance:com.purebarre.www.datatests.NavigationTests@1f28c152]" name="clickFooterLink_SubscribeBlog_Submit" class="com.purebarre.www.datatests.NavigationTests"/>
      </group> <!-- blog -->
    </groups>
    <test name="Test" duration-ms="12831" started-at="2017-08-14T21:14:23Z" finished-at="2017-08-14T21:14:36Z">
      <class name="com.purebarre.www.datatests.NavigationTests">
        <test-method status="PASS" signature="clickFooterLink_SubscribeBlog()[pri:0, instance:com.purebarre.www.datatests.NavigationTests@1f28c152]" name="clickFooterLink_SubscribeBlog" duration-ms="5416" started-at="2017-08-14T17:14:23Z" finished-at="2017-08-14T17:14:28Z">
          <reporter-output>
          </reporter-output>
        </test-method> <!-- clickFooterLink_SubscribeBlog -->
        <test-method status="PASS" signature="clickFooterLink_SubscribeBlog_Submit()[pri:0, instance:com.purebarre.www.datatests.NavigationTests@1f28c152]" name="clickFooterLink_SubscribeBlog_Submit" duration-ms="7386" started-at="2017-08-14T17:14:28Z" finished-at="2017-08-14T17:14:36Z">
          <reporter-output>
          </reporter-output>
        </test-method> <!-- clickFooterLink_SubscribeBlog_Submit -->
      </class> <!-- com.purebarre.www.datatests.NavigationTests -->
    </test> <!-- Test -->
  </suite> <!-- Suite -->
</testng-results>
