<?xml version="1.0" encoding="UTF-8"?>
<testng-results skipped="0" failed="2" total="4" passed="2">
  <reporter-output>
  </reporter-output>
  <suite name="Suite" duration-ms="24864" started-at="2017-08-08T20:57:18Z" finished-at="2017-08-08T20:57:43Z">
    <groups>
      <group name="retest">
        <method signature="NavigationTests.clickFooterLink_SubscribeBlog()[pri:0, instance:com.purebarre.www.datatests.NavigationTests@1f28c152]" name="clickFooterLink_SubscribeBlog" class="com.purebarre.www.datatests.NavigationTests"/>
        <method signature="NavigationTests.clickFooterLink_SubscribeBlog_Submit()[pri:0, instance:com.purebarre.www.datatests.NavigationTests@1f28c152]" name="clickFooterLink_SubscribeBlog_Submit" class="com.purebarre.www.datatests.NavigationTests"/>
        <method signature="NavigationTests.clickFooterLink_SubscribeNewsletter_Submit()[pri:0, instance:com.purebarre.www.datatests.NavigationTests@1f28c152]" name="clickFooterLink_SubscribeNewsletter_Submit" class="com.purebarre.www.datatests.NavigationTests"/>
        <method signature="NavigationTests.clickFooterLink_SubscribeNewsletter_Text()[pri:0, instance:com.purebarre.www.datatests.NavigationTests@1f28c152]" name="clickFooterLink_SubscribeNewsletter_Text" class="com.purebarre.www.datatests.NavigationTests"/>
      </group> <!-- retest -->
    </groups>
    <test name="Test" duration-ms="24864" started-at="2017-08-08T20:57:18Z" finished-at="2017-08-08T20:57:43Z">
      <class name="com.purebarre.www.datatests.NavigationTests">
        <test-method status="PASS" signature="clickFooterLink_SubscribeBlog()[pri:0, instance:com.purebarre.www.datatests.NavigationTests@1f28c152]" name="clickFooterLink_SubscribeBlog" duration-ms="6425" started-at="2017-08-08T16:57:18Z" finished-at="2017-08-08T16:57:25Z">
          <reporter-output>
          </reporter-output>
        </test-method> <!-- clickFooterLink_SubscribeBlog -->
        <test-method status="FAIL" signature="clickFooterLink_SubscribeBlog_Submit()[pri:0, instance:com.purebarre.www.datatests.NavigationTests@1f28c152]" name="clickFooterLink_SubscribeBlog_Submit" duration-ms="5532" started-at="2017-08-08T16:57:26Z" finished-at="2017-08-08T16:57:31Z">
          <exception class="org.openqa.selenium.NoSuchElementException">
            <message>
              <![CDATA[no such element: Unable to locate element: {"method":"xpath","selector":"//div[@id='msg-form-wysija-html56f560f9aa4c3-2']/div/div/ul/li"}
  (Session info: chrome=60.0.3112.90)
  (Driver info: chromedriver=2.30.477700 (0057494ad8732195794a7b32078424f92a5fce41),platform=Windows NT 6.1.7601 SP1 x86_64) (WARNING: The server did not provide any stacktrace information)
Command duration or timeout: 820 milliseconds
For documentation on this error, please visit: http://seleniumhq.org/exceptions/no_such_element.html
Build info: version: 'unknown', revision: 'unknown', time: 'unknown'
System info: host: 'WK2407', ip: '10.66.29.36', os.name: 'Windows 7', os.arch: 'amd64', os.version: '6.1', java.version: '1.8.0_131'
Driver info: org.openqa.selenium.chrome.ChromeDriver
Capabilities [{applicationCacheEnabled=false, rotatable=false, mobileEmulationEnabled=false, networkConnectionEnabled=false, chrome={chromedriverVersion=2.30.477700 (0057494ad8732195794a7b32078424f92a5fce41), userDataDir=C:\Users\ALEXIS~1\AppData\Local\Temp\scoped_dir7052_2316}, takesHeapSnapshot=true, pageLoadStrategy=normal, databaseEnabled=false, handlesAlerts=true, hasTouchScreen=false, version=60.0.3112.90, platform=XP, browserConnectionEnabled=false, nativeEvents=true, acceptSslCerts=true, locationContextEnabled=true, webStorageEnabled=true, browserName=chrome, takesScreenshot=true, javascriptEnabled=true, cssSelectorsEnabled=true, unexpectedAlertBehaviour=}]
Session ID: 2a913659b45f48eadd3503e763491032
*** Element info: {Using=xpath, value=//div[@id='msg-form-wysija-html56f560f9aa4c3-2']/div/div/ul/li}]]>
            </message>
            <full-stacktrace>
              <![CDATA[org.openqa.selenium.NoSuchElementException: no such element: Unable to locate element: {"method":"xpath","selector":"//div[@id='msg-form-wysija-html56f560f9aa4c3-2']/div/div/ul/li"}
  (Session info: chrome=60.0.3112.90)
  (Driver info: chromedriver=2.30.477700 (0057494ad8732195794a7b32078424f92a5fce41),platform=Windows NT 6.1.7601 SP1 x86_64) (WARNING: The server did not provide any stacktrace information)
Command duration or timeout: 820 milliseconds
For documentation on this error, please visit: http://seleniumhq.org/exceptions/no_such_element.html
Build info: version: 'unknown', revision: 'unknown', time: 'unknown'
System info: host: 'WK2407', ip: '10.66.29.36', os.name: 'Windows 7', os.arch: 'amd64', os.version: '6.1', java.version: '1.8.0_131'
Driver info: org.openqa.selenium.chrome.ChromeDriver
Capabilities [{applicationCacheEnabled=false, rotatable=false, mobileEmulationEnabled=false, networkConnectionEnabled=false, chrome={chromedriverVersion=2.30.477700 (0057494ad8732195794a7b32078424f92a5fce41), userDataDir=C:\Users\ALEXIS~1\AppData\Local\Temp\scoped_dir7052_2316}, takesHeapSnapshot=true, pageLoadStrategy=normal, databaseEnabled=false, handlesAlerts=true, hasTouchScreen=false, version=60.0.3112.90, platform=XP, browserConnectionEnabled=false, nativeEvents=true, acceptSslCerts=true, locationContextEnabled=true, webStorageEnabled=true, browserName=chrome, takesScreenshot=true, javascriptEnabled=true, cssSelectorsEnabled=true, unexpectedAlertBehaviour=}]
Session ID: 2a913659b45f48eadd3503e763491032
*** Element info: {Using=xpath, value=//div[@id='msg-form-wysija-html56f560f9aa4c3-2']/div/div/ul/li}
	at sun.reflect.NativeConstructorAccessorImpl.newInstance0(Native Method)
	at sun.reflect.NativeConstructorAccessorImpl.newInstance(Unknown Source)
	at sun.reflect.DelegatingConstructorAccessorImpl.newInstance(Unknown Source)
	at java.lang.reflect.Constructor.newInstance(Unknown Source)
	at org.openqa.selenium.remote.ErrorHandler.createThrowable(ErrorHandler.java:215)
	at org.openqa.selenium.remote.ErrorHandler.throwIfResponseFailed(ErrorHandler.java:167)
	at org.openqa.selenium.remote.RemoteWebDriver.execute(RemoteWebDriver.java:671)
	at org.openqa.selenium.remote.RemoteWebDriver.findElement(RemoteWebDriver.java:410)
	at org.openqa.selenium.remote.RemoteWebDriver.findElementByXPath(RemoteWebDriver.java:509)
	at org.openqa.selenium.By$ByXPath.findElement(By.java:361)
	at org.openqa.selenium.remote.RemoteWebDriver.findElement(RemoteWebDriver.java:402)
	at com.purebarre.www.objects.FooterObjects.text_FollowingSubmit_SubscribeBlog(FooterObjects.java:103)
	at com.purebarre.www.datatests.NavigationTests.clickFooterLink_SubscribeBlog_Submit(NavigationTests.java:245)
	at sun.reflect.NativeMethodAccessorImpl.invoke0(Native Method)
	at sun.reflect.NativeMethodAccessorImpl.invoke(Unknown Source)
	at sun.reflect.DelegatingMethodAccessorImpl.invoke(Unknown Source)
	at java.lang.reflect.Method.invoke(Unknown Source)
	at org.testng.internal.MethodInvocationHelper.invokeMethod(MethodInvocationHelper.java:86)
	at org.testng.internal.Invoker.invokeMethod(Invoker.java:643)
	at org.testng.internal.Invoker.invokeTestMethod(Invoker.java:820)
	at org.testng.internal.Invoker.invokeTestMethods(Invoker.java:1128)
	at org.testng.internal.TestMethodWorker.invokeTestMethods(TestMethodWorker.java:129)
	at org.testng.internal.TestMethodWorker.run(TestMethodWorker.java:112)
	at org.testng.TestRunner.privateRun(TestRunner.java:782)
	at org.testng.TestRunner.run(TestRunner.java:632)
	at org.testng.SuiteRunner.runTest(SuiteRunner.java:366)
	at org.testng.SuiteRunner.runSequentially(SuiteRunner.java:361)
	at org.testng.SuiteRunner.privateRun(SuiteRunner.java:319)
	at org.testng.SuiteRunner.run(SuiteRunner.java:268)
	at org.testng.SuiteRunnerWorker.runSuite(SuiteRunnerWorker.java:52)
	at org.testng.SuiteRunnerWorker.run(SuiteRunnerWorker.java:86)
	at org.testng.TestNG.runSuitesSequentially(TestNG.java:1244)
	at org.testng.TestNG.runSuitesLocally(TestNG.java:1169)
	at org.testng.TestNG.run(TestNG.java:1064)
	at org.testng.remote.AbstractRemoteTestNG.run(AbstractRemoteTestNG.java:132)
	at org.testng.remote.RemoteTestNG.initAndRun(RemoteTestNG.java:230)
	at org.testng.remote.RemoteTestNG.main(RemoteTestNG.java:76)
]]>
            </full-stacktrace>
          </exception> <!-- org.openqa.selenium.NoSuchElementException -->
          <reporter-output>
          </reporter-output>
        </test-method> <!-- clickFooterLink_SubscribeBlog_Submit -->
        <test-method status="FAIL" signature="clickFooterLink_SubscribeNewsletter_Submit()[pri:0, instance:com.purebarre.www.datatests.NavigationTests@1f28c152]" name="clickFooterLink_SubscribeNewsletter_Submit" duration-ms="4563" started-at="2017-08-08T16:57:32Z" finished-at="2017-08-08T16:57:37Z">
          <exception class="java.lang.AssertionError">
            <message>
              <![CDATA[expected [true] but found [false]]]>
            </message>
            <full-stacktrace>
              <![CDATA[java.lang.AssertionError: expected [true] but found [false]
	at org.testng.Assert.fail(Assert.java:94)
	at org.testng.Assert.failNotEquals(Assert.java:513)
	at org.testng.Assert.assertTrue(Assert.java:42)
	at org.testng.Assert.assertTrue(Assert.java:52)
	at com.purebarre.www.datatests.NavigationTests.resultantURL(NavigationTests.java:379)
	at com.purebarre.www.datatests.NavigationTests.clickFooterLink_SubscribeNewsletter_Submit(NavigationTests.java:225)
	at sun.reflect.NativeMethodAccessorImpl.invoke0(Native Method)
	at sun.reflect.NativeMethodAccessorImpl.invoke(Unknown Source)
	at sun.reflect.DelegatingMethodAccessorImpl.invoke(Unknown Source)
	at java.lang.reflect.Method.invoke(Unknown Source)
	at org.testng.internal.MethodInvocationHelper.invokeMethod(MethodInvocationHelper.java:86)
	at org.testng.internal.Invoker.invokeMethod(Invoker.java:643)
	at org.testng.internal.Invoker.invokeTestMethod(Invoker.java:820)
	at org.testng.internal.Invoker.invokeTestMethods(Invoker.java:1128)
	at org.testng.internal.TestMethodWorker.invokeTestMethods(TestMethodWorker.java:129)
	at org.testng.internal.TestMethodWorker.run(TestMethodWorker.java:112)
	at org.testng.TestRunner.privateRun(TestRunner.java:782)
	at org.testng.TestRunner.run(TestRunner.java:632)
	at org.testng.SuiteRunner.runTest(SuiteRunner.java:366)
	at org.testng.SuiteRunner.runSequentially(SuiteRunner.java:361)
	at org.testng.SuiteRunner.privateRun(SuiteRunner.java:319)
	at org.testng.SuiteRunner.run(SuiteRunner.java:268)
	at org.testng.SuiteRunnerWorker.runSuite(SuiteRunnerWorker.java:52)
	at org.testng.SuiteRunnerWorker.run(SuiteRunnerWorker.java:86)
	at org.testng.TestNG.runSuitesSequentially(TestNG.java:1244)
	at org.testng.TestNG.runSuitesLocally(TestNG.java:1169)
	at org.testng.TestNG.run(TestNG.java:1064)
	at org.testng.remote.AbstractRemoteTestNG.run(AbstractRemoteTestNG.java:132)
	at org.testng.remote.RemoteTestNG.initAndRun(RemoteTestNG.java:230)
	at org.testng.remote.RemoteTestNG.main(RemoteTestNG.java:76)
]]>
            </full-stacktrace>
          </exception> <!-- java.lang.AssertionError -->
          <reporter-output>
          </reporter-output>
        </test-method> <!-- clickFooterLink_SubscribeNewsletter_Submit -->
        <test-method status="PASS" signature="clickFooterLink_SubscribeNewsletter_Text()[pri:0, instance:com.purebarre.www.datatests.NavigationTests@1f28c152]" name="clickFooterLink_SubscribeNewsletter_Text" duration-ms="4618" started-at="2017-08-08T16:57:38Z" finished-at="2017-08-08T16:57:42Z">
          <reporter-output>
          </reporter-output>
        </test-method> <!-- clickFooterLink_SubscribeNewsletter_Text -->
      </class> <!-- com.purebarre.www.datatests.NavigationTests -->
    </test> <!-- Test -->
  </suite> <!-- Suite -->
</testng-results>
